# JRE version: OpenJDK Runtime Environment (8.0_242-b01) (build 1.8.0_242-release-1644-b01)
# Java VM: OpenJDK 64-Bit Server VM (25.242-b01 mixed mode windows-amd64 compressed oops)
Heap:
 PSYoungGen      total 321536K, used 67495K [0x00000000e0000000, 0x00000000f5c80000, 0x0000000100000000)
  eden space 294400K, 13% used [0x00000000e0000000,0x00000000e276c500,0x00000000f1f80000)
  from space 27136K, 99% used [0x00000000f3f80000,0x00000000f59fd7c0,0x00000000f5a00000)
  to   space 31232K, 0% used [0x00000000f1f80000,0x00000000f1f80000,0x00000000f3e00000)
 ParOldGen       total 177664K, used 67237K [0x00000000a0000000, 0x00000000aad80000, 0x00000000e0000000)
  object space 177664K, 37% used [0x00000000a0000000,0x00000000a41a9418,0x00000000aad80000)
 Metaspace       used 102988K, capacity 107398K, committed 107776K, reserved 1142784K
  class space    used 13193K, capacity 14205K, committed 14336K, reserved 1048576K
GC Heap History (10 events):
Event: 111.518 GC heap before
{Heap before GC invocations=26 (full 4):
 PSYoungGen      total 231424K, used 211802K [0x00000000e0000000, 0x00000000f1780000, 0x0000000100000000)
  eden space 205824K, 100% used [0x00000000e0000000,0x00000000ec900000,0x00000000ec900000)
  from space 25600K, 23% used [0x00000000ec900000,0x00000000eced6ad8,0x00000000ee200000)
  to   space 25088K, 0% used [0x00000000eff00000,0x00000000eff00000,0x00000000f1780000)
 ParOldGen       total 177664K, used 66480K [0x00000000a0000000, 0x00000000aad80000, 0x00000000e0000000)
  object space 177664K, 37% used [0x00000000a0000000,0x00000000a40ec080,0x00000000aad80000)
 Metaspace       used 84344K, capacity 87564K, committed 87936K, reserved 1126400K
  class space    used 10980K, capacity 11754K, committed 11904K, reserved 1048576K
Event: 111.554 GC heap after
Heap after GC invocations=26 (full 4):
 PSYoungGen      total 252928K, used 13917K [0x00000000e0000000, 0x00000000f1300000, 0x0000000100000000)
  eden space 232448K, 0% used [0x00000000e0000000,0x00000000e0000000,0x00000000ee300000)
  from space 20480K, 67% used [0x00000000eff00000,0x00000000f0c97510,0x00000000f1300000)
  to   space 24576K, 0% used [0x00000000ee300000,0x00000000ee300000,0x00000000efb00000)
 ParOldGen       total 177664K, used 66488K [0x00000000a0000000, 0x00000000aad80000, 0x00000000e0000000)
  object space 177664K, 37% used [0x00000000a0000000,0x00000000a40ee080,0x00000000aad80000)
 Metaspace       used 84344K, capacity 87564K, committed 87936K, reserved 1126400K
  class space    used 10980K, capacity 11754K, committed 11904K, reserved 1048576K
}
Event: 115.753 GC heap before
{Heap before GC invocations=27 (full 4):
 PSYoungGen      total 252928K, used 246365K [0x00000000e0000000, 0x00000000f1300000, 0x0000000100000000)
  eden space 232448K, 100% used [0x00000000e0000000,0x00000000ee300000,0x00000000ee300000)
  from space 20480K, 67% used [0x00000000eff00000,0x00000000f0c97510,0x00000000f1300000)
  to   space 24576K, 0% used [0x00000000ee300000,0x00000000ee300000,0x00000000efb00000)
 ParOldGen       total 177664K, used 66488K [0x00000000a0000000, 0x00000000aad80000, 0x00000000e0000000)
  object space 177664K, 37% used [0x00000000a0000000,0x00000000a40ee080,0x00000000aad80000)
 Metaspace       used 85742K, capacity 89006K, committed 89216K, reserved 1126400K
  class space    used 11025K, capacity 11823K, committed 11904K, reserved 1048576K
Event: 115.810 GC heap after
Heap after GC invocations=27 (full 4):
 PSYoungGen      total 257024K, used 19091K [0x00000000e0000000, 0x00000000f3480000, 0x0000000100000000)
  eden space 232448K, 0% used [0x00000000e0000000,0x00000000e0000000,0x00000000ee300000)
  from space 24576K, 77% used [0x00000000ee300000,0x00000000ef5a4c40,0x00000000efb00000)
  to   space 26112K, 0% used [0x00000000f1b00000,0x00000000f1b00000,0x00000000f3480000)
 ParOldGen       total 177664K, used 66496K [0x00000000a0000000, 0x00000000aad80000, 0x00000000e0000000)
  object space 177664K, 37% used [0x00000000a0000000,0x00000000a40f0080,0x00000000aad80000)
 Metaspace       used 85742K, capacity 89006K, committed 89216K, reserved 1126400K
  class space    used 11025K, capacity 11823K, committed 11904K, reserved 1048576K
}
Event: 116.453 GC heap before
{Heap before GC invocations=28 (full 4):
 PSYoungGen      total 257024K, used 251539K [0x00000000e0000000, 0x00000000f3480000, 0x0000000100000000)
  eden space 232448K, 100% used [0x00000000e0000000,0x00000000ee300000,0x00000000ee300000)
  from space 24576K, 77% used [0x00000000ee300000,0x00000000ef5a4c40,0x00000000efb00000)
  to   space 26112K, 0% used [0x00000000f1b00000,0x00000000f1b00000,0x00000000f3480000)
 ParOldGen       total 177664K, used 66496K [0x00000000a0000000, 0x00000000aad80000, 0x00000000e0000000)
  object space 177664K, 37% used [0x00000000a0000000,0x00000000a40f0080,0x00000000aad80000)
 Metaspace       used 85782K, capacity 89118K, committed 89216K, reserved 1126400K
  class space    used 11032K, capacity 11833K, committed 11904K, reserved 1048576K
Event: 116.481 GC heap after
Heap after GC invocations=28 (full 4):
 PSYoungGen      total 289280K, used 16476K [0x00000000e0000000, 0x00000000f4000000, 0x0000000100000000)
  eden space 263168K, 0% used [0x00000000e0000000,0x00000000e0000000,0x00000000f0100000)
  from space 26112K, 63% used [0x00000000f1b00000,0x00000000f2b171e8,0x00000000f3480000)
  to   space 26624K, 0% used [0x00000000f0100000,0x00000000f0100000,0x00000000f1b00000)
 ParOldGen       total 177664K, used 66504K [0x00000000a0000000, 0x00000000aad80000, 0x00000000e0000000)
  object space 177664K, 37% used [0x00000000a0000000,0x00000000a40f2080,0x00000000aad80000)
 Metaspace       used 85782K, capacity 89118K, committed 89216K, reserved 1126400K
  class space    used 11032K, capacity 11833K, committed 11904K, reserved 1048576K
}
Event: 118.724 GC heap before
{Heap before GC invocations=29 (full 4):
 PSYoungGen      total 289280K, used 279644K [0x00000000e0000000, 0x00000000f4000000, 0x0000000100000000)
  eden space 263168K, 100% used [0x00000000e0000000,0x00000000f0100000,0x00000000f0100000)
  from space 26112K, 63% used [0x00000000f1b00000,0x00000000f2b171e8,0x00000000f3480000)
  to   space 26624K, 0% used [0x00000000f0100000,0x00000000f0100000,0x00000000f1b00000)
 ParOldGen       total 177664K, used 66504K [0x00000000a0000000, 0x00000000aad80000, 0x00000000e0000000)
  object space 177664K, 37% used [0x00000000a0000000,0x00000000a40f2080,0x00000000aad80000)
 Metaspace       used 88107K, capacity 91484K, committed 91776K, reserved 1128448K
  class space    used 11332K, capacity 12126K, committed 12160K, reserved 1048576K
Event: 118.777 GC heap after
Heap after GC invocations=29 (full 4):
 PSYoungGen      total 289792K, used 18223K [0x00000000e0000000, 0x00000000f5a00000, 0x0000000100000000)
  eden space 263168K, 0% used [0x00000000e0000000,0x00000000e0000000,0x00000000f0100000)
  from space 26624K, 68% used [0x00000000f0100000,0x00000000f12cbdd0,0x00000000f1b00000)
  to   space 27136K, 0% used [0x00000000f3f80000,0x00000000f3f80000,0x00000000f5a00000)
 ParOldGen       total 177664K, used 66512K [0x00000000a0000000, 0x00000000aad80000, 0x00000000e0000000)
  object space 177664K, 37% used [0x00000000a0000000,0x00000000a40f4080,0x00000000aad80000)
 Metaspace       used 88107K, capacity 91484K, committed 91776K, reserved 1128448K
  class space    used 11332K, capacity 12126K, committed 12160K, reserved 1048576K
}
Event: 1546.533 GC heap before
{Heap before GC invocations=30 (full 4):
 PSYoungGen      total 289792K, used 281391K [0x00000000e0000000, 0x00000000f5a00000, 0x0000000100000000)
  eden space 263168K, 100% used [0x00000000e0000000,0x00000000f0100000,0x00000000f0100000)
  from space 26624K, 68% used [0x00000000f0100000,0x00000000f12cbdd0,0x00000000f1b00000)
  to   space 27136K, 0% used [0x00000000f3f80000,0x00000000f3f80000,0x00000000f5a00000)
 ParOldGen       total 177664K, used 66512K [0x00000000a0000000, 0x00000000aad80000, 0x00000000e0000000)
  object space 177664K, 37% used [0x00000000a0000000,0x00000000a40f4080,0x00000000aad80000)
 Metaspace       used 102617K, capacity 106946K, committed 107136K, reserved 1142784K
  class space    used 13165K, capacity 14125K, committed 14208K, reserved 1048576K
Event: 1546.627 GC heap after
Heap after GC invocations=30 (full 4):
 PSYoungGen      total 321536K, used 27125K [0x00000000e0000000, 0x00000000f5c80000, 0x0000000100000000)
  eden space 294400K, 0% used [0x00000000e0000000,0x00000000e0000000,0x00000000f1f80000)
  from space 27136K, 99% used [0x00000000f3f80000,0x00000000f59fd7c0,0x00000000f5a00000)
  to   space 31232K, 0% used [0x00000000f1f80000,0x00000000f1f80000,0x00000000f3e00000)
 ParOldGen       total 177664K, used 67237K [0x00000000a0000000, 0x00000000aad80000, 0x00000000e0000000)
  object space 177664K, 37% used [0x00000000a0000000,0x00000000a41a9418,0x00000000aad80000)
 Metaspace       used 102617K, capacity 106946K, committed 107136K, reserved 1142784K
  class space    used 13165K, capacity 14125K, committed 14208K, reserved 1048576K
}

